<?xml version="1.0" encoding="UTF-8"?>
<!-- Generated by org.testng.reporters.JUnitReportReporter -->
<testsuite hostname="Pravin" failures="0" tests="1" name="execution.AmazonRunnerTest" time="42.157" errors="0" timestamp="2023-12-27T17:06:59 IST" skipped="0">
  <testcase classname="execution.AmazonRunnerTest" name="runScenario" time="42.157"/>
  <system-out/>
</testsuite> <!-- execution.AmazonRunnerTest -->
